2021-02-14 14:37:23,874 INFO org.springframework.boot.StartupInfoLogger [main] Starting CatsApplication on dannys-MacBook-Pro.local with PID 20971 (/Users/dannycampbell/eclipse-workspace/cats/target/classes started by dannycampbell in /Users/dannycampbell/eclipse-workspace/cats)
2021-02-14 14:37:23,880 INFO org.springframework.boot.SpringApplication [main] No active profile set, falling back to default profiles: default
2021-02-14 14:37:25,622 INFO org.springframework.boot.web.embedded.tomcat.TomcatWebServer [main] Tomcat initialized with port(s): 8085 (http)
2021-02-14 14:37:25,637 INFO org.apache.juli.logging.DirectJDKLog [main] Initializing ProtocolHandler ["http-nio-8085"]
2021-02-14 14:37:25,638 INFO org.apache.juli.logging.DirectJDKLog [main] Starting service [Tomcat]
2021-02-14 14:37:25,639 INFO org.apache.juli.logging.DirectJDKLog [main] Starting Servlet engine: [Apache Tomcat/9.0.41]
2021-02-14 14:37:25,750 INFO org.apache.juli.logging.DirectJDKLog [main] Initializing Spring embedded WebApplicationContext
2021-02-14 14:37:25,751 INFO org.springframework.boot.web.servlet.context.ServletWebServerApplicationContext [main] Root WebApplicationContext: initialization completed in 1733 ms
2021-02-14 14:37:26,297 INFO org.springframework.security.web.DefaultSecurityFilterChain [main] Creating filter chain: any request, [org.springframework.security.web.context.request.async.WebAsyncManagerIntegrationFilter@6ed043d3, org.springframework.security.web.context.SecurityContextPersistenceFilter@29fd8e67, org.springframework.security.web.header.HeaderWriterFilter@7b81616b, org.springframework.security.web.authentication.logout.LogoutFilter@2be95d31, org.springframework.security.web.authentication.www.BasicAuthenticationFilter@77ab22be, org.springframework.security.web.savedrequest.RequestCacheAwareFilter@e146f93, org.springframework.security.web.servletapi.SecurityContextHolderAwareRequestFilter@6f2e1024, org.springframework.security.web.authentication.AnonymousAuthenticationFilter@135a8c6f, org.springframework.security.web.session.SessionManagementFilter@554c4eaa, org.springframework.security.web.access.ExceptionTranslationFilter@1c9fbb61, org.springframework.security.web.access.intercept.FilterSecurityInterceptor@38f77cd9]
2021-02-14 14:37:26,489 INFO org.springframework.scheduling.concurrent.ExecutorConfigurationSupport [main] Initializing ExecutorService 'applicationTaskExecutor'
2021-02-14 14:37:26,752 INFO org.apache.juli.logging.DirectJDKLog [main] Starting ProtocolHandler ["http-nio-8085"]
2021-02-14 14:37:26,813 INFO org.springframework.boot.web.embedded.tomcat.TomcatWebServer [main] Tomcat started on port(s): 8085 (http) with context path ''
2021-02-14 14:37:26,838 INFO org.springframework.boot.StartupInfoLogger [main] Started CatsApplication in 3.883 seconds (JVM running for 5.025)
2021-02-14 14:37:36,400 INFO org.apache.juli.logging.DirectJDKLog [http-nio-8085-exec-2] Initializing Spring DispatcherServlet 'dispatcherServlet'
2021-02-14 14:37:36,400 INFO org.springframework.web.servlet.FrameworkServlet [http-nio-8085-exec-2] Initializing Servlet 'dispatcherServlet'
2021-02-14 14:37:36,450 INFO org.springframework.web.servlet.FrameworkServlet [http-nio-8085-exec-2] Completed initialization in 49 ms
2021-02-14 14:37:37,378 INFO com.codeacademy.cats.resource.CatService [http-nio-8085-exec-2] Retreiving cat pic list
2021-02-14 14:37:38,621 INFO com.codeacademy.cats.resource.CatService [http-nio-8085-exec-3] Retreiving cat pic list
2021-02-14 14:40:42,625 INFO org.springframework.boot.StartupInfoLogger [main] Starting CatsApplicationTests on dannys-MacBook-Pro.local with PID 21005 (started by dannycampbell in /Users/dannycampbell/eclipse-workspace/cats)
2021-02-14 14:40:42,652 INFO org.springframework.boot.SpringApplication [main] No active profile set, falling back to default profiles: default
2021-02-14 14:40:44,002 INFO org.springframework.security.web.DefaultSecurityFilterChain [main] Creating filter chain: any request, [org.springframework.security.web.context.request.async.WebAsyncManagerIntegrationFilter@4349754, org.springframework.security.web.context.SecurityContextPersistenceFilter@3afae281, org.springframework.security.web.header.HeaderWriterFilter@47d7bfb3, org.springframework.security.web.authentication.logout.LogoutFilter@63ec445c, org.springframework.security.web.authentication.www.BasicAuthenticationFilter@65fd6708, org.springframework.security.web.savedrequest.RequestCacheAwareFilter@260f2144, org.springframework.security.web.servletapi.SecurityContextHolderAwareRequestFilter@58399d82, org.springframework.security.web.authentication.AnonymousAuthenticationFilter@6a2eea2a, org.springframework.security.web.session.SessionManagementFilter@25a73de1, org.springframework.security.web.access.ExceptionTranslationFilter@c81fd12, org.springframework.security.web.access.intercept.FilterSecurityInterceptor@1948ea69]
2021-02-14 14:40:44,479 INFO org.springframework.scheduling.concurrent.ExecutorConfigurationSupport [main] Initializing ExecutorService 'applicationTaskExecutor'
2021-02-14 14:40:44,852 INFO org.springframework.boot.StartupInfoLogger [main] Started CatsApplicationTests in 2.628 seconds (JVM running for 4.316)
2021-02-14 14:40:45,492 INFO org.springframework.scheduling.concurrent.ExecutorConfigurationSupport [SpringContextShutdownHook] Shutting down ExecutorService 'applicationTaskExecutor'
2021-02-14 15:10:21,836 INFO org.springframework.boot.StartupInfoLogger [main] Starting CatsApplication on dannys-MacBook-Pro.local with PID 21320 (/Users/dannycampbell/eclipse-workspace/cats/target/classes started by dannycampbell in /Users/dannycampbell/eclipse-workspace/cats)
2021-02-14 15:10:21,845 INFO org.springframework.boot.SpringApplication [main] No active profile set, falling back to default profiles: default
2021-02-14 15:10:23,512 INFO org.springframework.boot.web.embedded.tomcat.TomcatWebServer [main] Tomcat initialized with port(s): 8085 (http)
2021-02-14 15:10:23,532 INFO org.apache.juli.logging.DirectJDKLog [main] Initializing ProtocolHandler ["http-nio-8085"]
2021-02-14 15:10:23,534 INFO org.apache.juli.logging.DirectJDKLog [main] Starting service [Tomcat]
2021-02-14 15:10:23,535 INFO org.apache.juli.logging.DirectJDKLog [main] Starting Servlet engine: [Apache Tomcat/9.0.41]
2021-02-14 15:10:23,646 INFO org.apache.juli.logging.DirectJDKLog [main] Initializing Spring embedded WebApplicationContext
2021-02-14 15:10:23,647 INFO org.springframework.boot.web.servlet.context.ServletWebServerApplicationContext [main] Root WebApplicationContext: initialization completed in 1685 ms
2021-02-14 15:10:24,149 INFO org.springframework.security.web.DefaultSecurityFilterChain [main] Creating filter chain: any request, [org.springframework.security.web.context.request.async.WebAsyncManagerIntegrationFilter@dd2856e, org.springframework.security.web.context.SecurityContextPersistenceFilter@6dab01d9, org.springframework.security.web.header.HeaderWriterFilter@7e4c72d6, org.springframework.security.web.authentication.logout.LogoutFilter@41da3aee, org.springframework.security.web.authentication.www.BasicAuthenticationFilter@3e0fbeb5, org.springframework.security.web.savedrequest.RequestCacheAwareFilter@869d87c, org.springframework.security.web.servletapi.SecurityContextHolderAwareRequestFilter@44be69aa, org.springframework.security.web.authentication.AnonymousAuthenticationFilter@5a49af50, org.springframework.security.web.session.SessionManagementFilter@593a6726, org.springframework.security.web.access.ExceptionTranslationFilter@5edc70ed, org.springframework.security.web.access.intercept.FilterSecurityInterceptor@41b13f3d]
2021-02-14 15:10:24,336 INFO org.springframework.scheduling.concurrent.ExecutorConfigurationSupport [main] Initializing ExecutorService 'applicationTaskExecutor'
2021-02-14 15:10:24,621 INFO org.apache.juli.logging.DirectJDKLog [main] Starting ProtocolHandler ["http-nio-8085"]
2021-02-14 15:10:24,704 INFO org.springframework.boot.web.embedded.tomcat.TomcatWebServer [main] Tomcat started on port(s): 8085 (http) with context path ''
2021-02-14 15:10:24,721 INFO org.springframework.boot.StartupInfoLogger [main] Started CatsApplication in 3.885 seconds (JVM running for 4.936)
2021-02-14 15:10:36,528 INFO org.apache.juli.logging.DirectJDKLog [http-nio-8085-exec-2] Initializing Spring DispatcherServlet 'dispatcherServlet'
2021-02-14 15:10:36,529 INFO org.springframework.web.servlet.FrameworkServlet [http-nio-8085-exec-2] Initializing Servlet 'dispatcherServlet'
2021-02-14 15:10:36,548 INFO org.springframework.web.servlet.FrameworkServlet [http-nio-8085-exec-2] Completed initialization in 18 ms
2021-02-14 15:10:37,368 INFO com.codeacademy.cats.resource.CatService [http-nio-8085-exec-2] Retreiving cat pic wit Id of1613331919684
2021-02-14 15:10:45,817 INFO com.codeacademy.cats.resource.CatService [http-nio-8085-exec-3] file: HNI_0049.JPG,bytes: [B@11756e68
2021-02-14 15:12:36,898 WARN org.springframework.web.servlet.handler.AbstractHandlerExceptionResolver [http-nio-8085-exec-7] Resolved [org.springframework.web.HttpRequestMethodNotSupportedException: Request method 'DELETE' not supported]
2021-02-14 15:13:09,720 WARN org.springframework.web.servlet.handler.AbstractHandlerExceptionResolver [http-nio-8085-exec-8] Resolved [org.springframework.web.HttpRequestMethodNotSupportedException: Request method 'DELETE' not supported]
2021-02-14 15:13:36,040 INFO org.springframework.boot.StartupInfoLogger [main] Starting CatsApplication on dannys-MacBook-Pro.local with PID 21349 (/Users/dannycampbell/eclipse-workspace/cats/target/classes started by dannycampbell in /Users/dannycampbell/eclipse-workspace/cats)
2021-02-14 15:13:36,047 INFO org.springframework.boot.SpringApplication [main] No active profile set, falling back to default profiles: default
2021-02-14 15:13:37,713 INFO org.springframework.boot.web.embedded.tomcat.TomcatWebServer [main] Tomcat initialized with port(s): 8085 (http)
2021-02-14 15:13:37,732 INFO org.apache.juli.logging.DirectJDKLog [main] Initializing ProtocolHandler ["http-nio-8085"]
2021-02-14 15:13:37,733 INFO org.apache.juli.logging.DirectJDKLog [main] Starting service [Tomcat]
2021-02-14 15:13:37,734 INFO org.apache.juli.logging.DirectJDKLog [main] Starting Servlet engine: [Apache Tomcat/9.0.41]
2021-02-14 15:13:37,876 INFO org.apache.juli.logging.DirectJDKLog [main] Initializing Spring embedded WebApplicationContext
2021-02-14 15:13:37,877 INFO org.springframework.boot.web.servlet.context.ServletWebServerApplicationContext [main] Root WebApplicationContext: initialization completed in 1716 ms
2021-02-14 15:13:38,417 INFO org.springframework.security.web.DefaultSecurityFilterChain [main] Creating filter chain: any request, [org.springframework.security.web.context.request.async.WebAsyncManagerIntegrationFilter@3b705be7, org.springframework.security.web.context.SecurityContextPersistenceFilter@37637a24, org.springframework.security.web.header.HeaderWriterFilter@3337d04c, org.springframework.security.web.authentication.logout.LogoutFilter@4b5a078a, org.springframework.security.web.authentication.www.BasicAuthenticationFilter@11e355ca, org.springframework.security.web.savedrequest.RequestCacheAwareFilter@770beef5, org.springframework.security.web.servletapi.SecurityContextHolderAwareRequestFilter@310aee0b, org.springframework.security.web.authentication.AnonymousAuthenticationFilter@3a790e40, org.springframework.security.web.session.SessionManagementFilter@869d87c, org.springframework.security.web.access.ExceptionTranslationFilter@51b01550, org.springframework.security.web.access.intercept.FilterSecurityInterceptor@46e64760]
2021-02-14 15:13:38,604 INFO org.springframework.scheduling.concurrent.ExecutorConfigurationSupport [main] Initializing ExecutorService 'applicationTaskExecutor'
2021-02-14 15:13:38,855 INFO org.apache.juli.logging.DirectJDKLog [main] Starting ProtocolHandler ["http-nio-8085"]
2021-02-14 15:13:38,932 INFO org.springframework.boot.web.embedded.tomcat.TomcatWebServer [main] Tomcat started on port(s): 8085 (http) with context path ''
2021-02-14 15:13:38,949 INFO org.springframework.boot.StartupInfoLogger [main] Started CatsApplication in 3.984 seconds (JVM running for 5.085)
2021-02-14 15:13:44,188 INFO org.apache.juli.logging.DirectJDKLog [http-nio-8085-exec-1] Initializing Spring DispatcherServlet 'dispatcherServlet'
2021-02-14 15:13:44,190 INFO org.springframework.web.servlet.FrameworkServlet [http-nio-8085-exec-1] Initializing Servlet 'dispatcherServlet'
2021-02-14 15:13:44,216 INFO org.springframework.web.servlet.FrameworkServlet [http-nio-8085-exec-1] Completed initialization in 24 ms
2021-02-14 15:13:44,831 WARN org.springframework.web.servlet.handler.AbstractHandlerExceptionResolver [http-nio-8085-exec-1] Resolved [org.springframework.web.HttpRequestMethodNotSupportedException: Request method 'DELETE' not supported]
2021-02-14 15:13:52,910 WARN org.springframework.web.servlet.handler.AbstractHandlerExceptionResolver [http-nio-8085-exec-3] Resolved [org.springframework.web.HttpRequestMethodNotSupportedException: Request method 'DELETE' not supported]
2021-02-14 15:14:34,703 INFO org.springframework.boot.StartupInfoLogger [main] Starting CatsApplication on dannys-MacBook-Pro.local with PID 21367 (/Users/dannycampbell/eclipse-workspace/cats/target/classes started by dannycampbell in /Users/dannycampbell/eclipse-workspace/cats)
2021-02-14 15:14:34,713 INFO org.springframework.boot.SpringApplication [main] No active profile set, falling back to default profiles: default
2021-02-14 15:14:36,444 INFO org.springframework.boot.web.embedded.tomcat.TomcatWebServer [main] Tomcat initialized with port(s): 8085 (http)
2021-02-14 15:14:36,467 INFO org.apache.juli.logging.DirectJDKLog [main] Initializing ProtocolHandler ["http-nio-8085"]
2021-02-14 15:14:36,469 INFO org.apache.juli.logging.DirectJDKLog [main] Starting service [Tomcat]
2021-02-14 15:14:36,469 INFO org.apache.juli.logging.DirectJDKLog [main] Starting Servlet engine: [Apache Tomcat/9.0.41]
2021-02-14 15:14:36,590 INFO org.apache.juli.logging.DirectJDKLog [main] Initializing Spring embedded WebApplicationContext
2021-02-14 15:14:36,590 INFO org.springframework.boot.web.servlet.context.ServletWebServerApplicationContext [main] Root WebApplicationContext: initialization completed in 1706 ms
2021-02-14 15:14:37,535 INFO org.springframework.security.web.DefaultSecurityFilterChain [main] Creating filter chain: any request, [org.springframework.security.web.context.request.async.WebAsyncManagerIntegrationFilter@12ad1b2a, org.springframework.security.web.context.SecurityContextPersistenceFilter@31e76a8d, org.springframework.security.web.header.HeaderWriterFilter@6de6faa6, org.springframework.security.web.authentication.logout.LogoutFilter@4c361f63, org.springframework.security.web.authentication.www.BasicAuthenticationFilter@7fc420b8, org.springframework.security.web.savedrequest.RequestCacheAwareFilter@6dd1f638, org.springframework.security.web.servletapi.SecurityContextHolderAwareRequestFilter@36327cec, org.springframework.security.web.authentication.AnonymousAuthenticationFilter@3134153d, org.springframework.security.web.session.SessionManagementFilter@2f3166a, org.springframework.security.web.access.ExceptionTranslationFilter@2ef0dd86, org.springframework.security.web.access.intercept.FilterSecurityInterceptor@3976ebfa]
2021-02-14 15:14:37,704 INFO org.springframework.scheduling.concurrent.ExecutorConfigurationSupport [main] Initializing ExecutorService 'applicationTaskExecutor'
2021-02-14 15:14:37,962 INFO org.apache.juli.logging.DirectJDKLog [main] Starting ProtocolHandler ["http-nio-8085"]
2021-02-14 15:14:38,089 INFO org.springframework.boot.web.embedded.tomcat.TomcatWebServer [main] Tomcat started on port(s): 8085 (http) with context path ''
2021-02-14 15:14:38,206 INFO org.springframework.boot.StartupInfoLogger [main] Started CatsApplication in 4.225 seconds (JVM running for 5.347)
2021-02-14 15:14:41,788 INFO org.apache.juli.logging.DirectJDKLog [http-nio-8085-exec-2] Initializing Spring DispatcherServlet 'dispatcherServlet'
2021-02-14 15:14:41,789 INFO org.springframework.web.servlet.FrameworkServlet [http-nio-8085-exec-2] Initializing Servlet 'dispatcherServlet'
2021-02-14 15:14:41,859 INFO org.springframework.web.servlet.FrameworkServlet [http-nio-8085-exec-2] Completed initialization in 70 ms
2021-02-14 15:14:42,810 INFO com.codeacademy.cats.resource.CatService [http-nio-8085-exec-2] Retreiving cat pic wit Id of1613331919684
2021-02-14 15:14:48,992 INFO com.codeacademy.cats.resource.CatService [http-nio-8085-exec-3] Retreiving cat pic wit Id of1613331919684
2021-02-14 15:14:50,627 INFO com.codeacademy.cats.resource.CatService [http-nio-8085-exec-4] Retreiving cat pic wit Id of1613331919684
2021-02-14 15:14:53,575 INFO com.codeacademy.cats.resource.CatService [http-nio-8085-exec-5] Retreiving cat pic list
2021-02-14 15:15:00,993 INFO com.codeacademy.cats.resource.CatService [http-nio-8085-exec-6] Retreiving cat pic wit Id of1613329307792
2021-02-14 15:15:09,433 INFO com.codeacademy.cats.resource.CatService [http-nio-8085-exec-7] Deleting cat pic wit Id of1613333445818
2021-02-14 15:15:14,665 INFO com.codeacademy.cats.resource.CatService [http-nio-8085-exec-8] Deleting cat pic wit Id of1613329307792
2021-02-14 15:15:18,699 INFO com.codeacademy.cats.resource.CatService [http-nio-8085-exec-9] Retreiving cat pic wit Id of1613329307792
2021-02-14 15:15:27,308 INFO com.codeacademy.cats.resource.CatService [http-nio-8085-exec-10] Deleting cat pic wit Id of1613329307792
2021-02-14 15:15:51,605 INFO com.codeacademy.cats.resource.CatService [http-nio-8085-exec-1] Deleting cat pic wit Id of1613329307792
2021-02-14 15:15:58,405 INFO com.codeacademy.cats.resource.CatService [http-nio-8085-exec-2] Retreiving cat pic list
